nohup: ignoring input

> nop-frontend@1.0.0 start
> react-scripts start

(node:247607) [DEP0176] DeprecationWarning: fs.F_OK is deprecated, use fs.constants.F_OK instead
(Use `node --trace-deprecation ...` to show where the warning was created)
[HPM] Proxy created: /  -> http://localhost:12001
(node:247607) [DEP_WEBPACK_DEV_SERVER_ON_AFTER_SETUP_MIDDLEWARE] DeprecationWarning: 'onAfterSetupMiddleware' option is deprecated. Please use the 'setupMiddlewares' option.
(node:247607) [DEP_WEBPACK_DEV_SERVER_ON_BEFORE_SETUP_MIDDLEWARE] DeprecationWarning: 'onBeforeSetupMiddleware' option is deprecated. Please use the 'setupMiddlewares' option.
Starting the development server...

Compiled with warnings.

[eslint] 
src/components/ProtocolConnection.tsx
  Line 242:9:  'setupHTTPTunnel' is assigned a value but never used  @typescript-eslint/no-unused-vars

Search for the keywords to learn more about each warning.
To ignore, add // eslint-disable-next-line to the line before.

WARNING in [eslint] 
src/components/ProtocolConnection.tsx
  Line 242:9:  'setupHTTPTunnel' is assigned a value but never used  @typescript-eslint/no-unused-vars

webpack compiled with 1 warning
No issues found.
(node:247607) [DEP0060] DeprecationWarning: The `util._extend` API is deprecated. Please use Object.assign() instead.
Proxy error: Could not proxy request /favicon.ico from localhost:12000 to http://backend:8000.
See https://nodejs.org/api/errors.html#errors_common_system_errors for more information (ENOTFOUND).

Proxy error: Could not proxy request /favicon.ico from localhost:12000 to http://backend:8000.
See https://nodejs.org/api/errors.html#errors_common_system_errors for more information (ENOTFOUND).

Proxy error: Could not proxy request /favicon.ico from localhost:12000 to http://backend:8000.
See https://nodejs.org/api/errors.html#errors_common_system_errors for more information (ENOTFOUND).

Proxy error: Could not proxy request /favicon.ico from localhost:12000 to http://backend:8000.
See https://nodejs.org/api/errors.html#errors_common_system_errors for more information (ENOTFOUND).

Compiling...
Compiled with warnings.

[eslint] 
src/components/ProtocolConnection.tsx
  Line 30:9:   'displayCallbackRef' is assigned a value but never used  @typescript-eslint/no-unused-vars
  Line 289:9:  'setupHTTPTunnel' is assigned a value but never used     @typescript-eslint/no-unused-vars

Search for the keywords to learn more about each warning.
To ignore, add // eslint-disable-next-line to the line before.

WARNING in [eslint] 
src/components/ProtocolConnection.tsx
  Line 30:9:   'displayCallbackRef' is assigned a value but never used  @typescript-eslint/no-unused-vars
  Line 289:9:  'setupHTTPTunnel' is assigned a value but never used     @typescript-eslint/no-unused-vars

webpack compiled with 1 warning
ERROR in src/components/ProtocolConnection.tsx:64:17
TS2339: Property 'onmousedown' does not exist on type 'Mouse'.
    62 |             clientRef.current?.sendMouseState(state);
    63 |           };
  > 64 |           mouse.onmousedown = sendMouseState;
       |                 ^^^^^^^^^^^
    65 |           mouse.onmouseup = sendMouseState;
    66 |           mouse.onmousemove = sendMouseState;
    67 |         }

ERROR in src/components/ProtocolConnection.tsx:65:17
TS2339: Property 'onmouseup' does not exist on type 'Mouse'.
    63 |           };
    64 |           mouse.onmousedown = sendMouseState;
  > 65 |           mouse.onmouseup = sendMouseState;
       |                 ^^^^^^^^^
    66 |           mouse.onmousemove = sendMouseState;
    67 |         }
    68 |       } catch (e) {

ERROR in src/components/ProtocolConnection.tsx:66:17
TS2339: Property 'onmousemove' does not exist on type 'Mouse'.
    64 |           mouse.onmousedown = sendMouseState;
    65 |           mouse.onmouseup = sendMouseState;
  > 66 |           mouse.onmousemove = sendMouseState;
       |                 ^^^^^^^^^^^
    67 |         }
    68 |       } catch (e) {
    69 |         console.error('[GUACAMOLE-CLIENT] Error attaching display:', e);

ERROR in src/components/ProtocolConnection.tsx:72:16
TS2540: Cannot assign to 'current' because it is a read-only property.
    70 |       }
    71 |     }
  > 72 |     displayRef.current = node;
       |                ^^^^^^^
    73 |   };
    74 |
    75 |

Compiling...
Compiled with warnings.

[eslint] 
src/components/ProtocolConnection.tsx
  Line 289:9:  'setupHTTPTunnel' is assigned a value but never used  @typescript-eslint/no-unused-vars

Search for the keywords to learn more about each warning.
To ignore, add // eslint-disable-next-line to the line before.

WARNING in [eslint] 
src/components/ProtocolConnection.tsx
  Line 289:9:  'setupHTTPTunnel' is assigned a value but never used  @typescript-eslint/no-unused-vars

webpack compiled with 1 warning
ERROR in src/components/ProtocolConnection.tsx:64:17
TS2339: Property 'onmousedown' does not exist on type 'Mouse'.
    62 |             clientRef.current?.sendMouseState(state);
    63 |           };
  > 64 |           mouse.onmousedown = sendMouseState;
       |                 ^^^^^^^^^^^
    65 |           mouse.onmouseup = sendMouseState;
    66 |           mouse.onmousemove = sendMouseState;
    67 |         }

ERROR in src/components/ProtocolConnection.tsx:65:17
TS2339: Property 'onmouseup' does not exist on type 'Mouse'.
    63 |           };
    64 |           mouse.onmousedown = sendMouseState;
  > 65 |           mouse.onmouseup = sendMouseState;
       |                 ^^^^^^^^^
    66 |           mouse.onmousemove = sendMouseState;
    67 |         }
    68 |       } catch (e) {

ERROR in src/components/ProtocolConnection.tsx:66:17
TS2339: Property 'onmousemove' does not exist on type 'Mouse'.
    64 |           mouse.onmousedown = sendMouseState;
    65 |           mouse.onmouseup = sendMouseState;
  > 66 |           mouse.onmousemove = sendMouseState;
       |                 ^^^^^^^^^^^
    67 |         }
    68 |       } catch (e) {
    69 |         console.error('[GUACAMOLE-CLIENT] Error attaching display:', e);

ERROR in src/components/ProtocolConnection.tsx:72:16
TS2540: Cannot assign to 'current' because it is a read-only property.
    70 |       }
    71 |     }
  > 72 |     displayRef.current = node;
       |                ^^^^^^^
    73 |   };
    74 |
    75 |

Compiling...
Compiled with warnings.

[eslint] 
src/components/ProtocolConnection.tsx
  Line 248:9:  'setupHTTPTunnel' is assigned a value but never used  @typescript-eslint/no-unused-vars

Search for the keywords to learn more about each warning.
To ignore, add // eslint-disable-next-line to the line before.

WARNING in [eslint] 
src/components/ProtocolConnection.tsx
  Line 248:9:  'setupHTTPTunnel' is assigned a value but never used  @typescript-eslint/no-unused-vars

webpack compiled with 1 warning
ERROR in src/components/ProtocolConnection.tsx:64:17
TS2339: Property 'onmousedown' does not exist on type 'Mouse'.
    62 |             clientRef.current?.sendMouseState(state);
    63 |           };
  > 64 |           mouse.onmousedown = sendMouseState;
       |                 ^^^^^^^^^^^
    65 |           mouse.onmouseup = sendMouseState;
    66 |           mouse.onmousemove = sendMouseState;
    67 |         }

ERROR in src/components/ProtocolConnection.tsx:65:17
TS2339: Property 'onmouseup' does not exist on type 'Mouse'.
    63 |           };
    64 |           mouse.onmousedown = sendMouseState;
  > 65 |           mouse.onmouseup = sendMouseState;
       |                 ^^^^^^^^^
    66 |           mouse.onmousemove = sendMouseState;
    67 |         }
    68 |       } catch (e) {

ERROR in src/components/ProtocolConnection.tsx:66:17
TS2339: Property 'onmousemove' does not exist on type 'Mouse'.
    64 |           mouse.onmousedown = sendMouseState;
    65 |           mouse.onmouseup = sendMouseState;
  > 66 |           mouse.onmousemove = sendMouseState;
       |                 ^^^^^^^^^^^
    67 |         }
    68 |       } catch (e) {
    69 |         console.error('[GUACAMOLE-CLIENT] Error attaching display:', e);

ERROR in src/components/ProtocolConnection.tsx:72:16
TS2540: Cannot assign to 'current' because it is a read-only property.
    70 |       }
    71 |     }
  > 72 |     displayRef.current = node;
       |                ^^^^^^^
    73 |   };
    74 |
    75 |

Proxy error: Could not proxy request /favicon.ico from localhost:12000 to http://backend:8000.
See https://nodejs.org/api/errors.html#errors_common_system_errors for more information (ENOTFOUND).

Compiling...
Compiled with warnings.

[eslint] 
src/components/ProtocolConnection.tsx
  Line 1:46:   'useLayoutEffect' is defined but never used           @typescript-eslint/no-unused-vars
  Line 248:9:  'setupHTTPTunnel' is assigned a value but never used  @typescript-eslint/no-unused-vars

Search for the keywords to learn more about each warning.
To ignore, add // eslint-disable-next-line to the line before.

WARNING in [eslint] 
src/components/ProtocolConnection.tsx
  Line 1:46:   'useLayoutEffect' is defined but never used           @typescript-eslint/no-unused-vars
  Line 248:9:  'setupHTTPTunnel' is assigned a value but never used  @typescript-eslint/no-unused-vars

webpack compiled with 1 warning
ERROR in src/components/ProtocolConnection.tsx:64:17
TS2339: Property 'onmousedown' does not exist on type 'Mouse'.
    62 |             clientRef.current?.sendMouseState(state);
    63 |           };
  > 64 |           mouse.onmousedown = sendMouseState;
       |                 ^^^^^^^^^^^
    65 |           mouse.onmouseup = sendMouseState;
    66 |           mouse.onmousemove = sendMouseState;
    67 |         }

ERROR in src/components/ProtocolConnection.tsx:65:17
TS2339: Property 'onmouseup' does not exist on type 'Mouse'.
    63 |           };
    64 |           mouse.onmousedown = sendMouseState;
  > 65 |           mouse.onmouseup = sendMouseState;
       |                 ^^^^^^^^^
    66 |           mouse.onmousemove = sendMouseState;
    67 |         }
    68 |       } catch (e) {

ERROR in src/components/ProtocolConnection.tsx:66:17
TS2339: Property 'onmousemove' does not exist on type 'Mouse'.
    64 |           mouse.onmousedown = sendMouseState;
    65 |           mouse.onmouseup = sendMouseState;
  > 66 |           mouse.onmousemove = sendMouseState;
       |                 ^^^^^^^^^^^
    67 |         }
    68 |       } catch (e) {
    69 |         console.error('[GUACAMOLE-CLIENT] Error attaching display:', e);

ERROR in src/components/ProtocolConnection.tsx:72:16
TS2540: Cannot assign to 'current' because it is a read-only property.
    70 |       }
    71 |     }
  > 72 |     displayRef.current = node;
       |                ^^^^^^^
    73 |   };
    74 |
    75 |

Compiling...
Compiled with warnings.

[eslint] 
src/components/ProtocolConnection.tsx
  Line 258:9:  'setupHTTPTunnel' is assigned a value but never used  @typescript-eslint/no-unused-vars

Search for the keywords to learn more about each warning.
To ignore, add // eslint-disable-next-line to the line before.

WARNING in [eslint] 
src/components/ProtocolConnection.tsx
  Line 258:9:  'setupHTTPTunnel' is assigned a value but never used  @typescript-eslint/no-unused-vars

webpack compiled with 1 warning
ERROR in src/components/ProtocolConnection.tsx:72:19
TS2339: Property 'onmousedown' does not exist on type 'Mouse'.
    70 |               clientRef.current?.sendMouseState(state);
    71 |             };
  > 72 |             mouse.onmousedown = sendMouseState;
       |                   ^^^^^^^^^^^
    73 |             mouse.onmouseup = sendMouseState;
    74 |             mouse.onmousemove = sendMouseState;
    75 |             

ERROR in src/components/ProtocolConnection.tsx:73:19
TS2339: Property 'onmouseup' does not exist on type 'Mouse'.
    71 |             };
    72 |             mouse.onmousedown = sendMouseState;
  > 73 |             mouse.onmouseup = sendMouseState;
       |                   ^^^^^^^^^
    74 |             mouse.onmousemove = sendMouseState;
    75 |             
    76 |             console.log('[GUACAMOLE-CLIENT] Keyboard and mouse handlers attached');

ERROR in src/components/ProtocolConnection.tsx:74:19
TS2339: Property 'onmousemove' does not exist on type 'Mouse'.
    72 |             mouse.onmousedown = sendMouseState;
    73 |             mouse.onmouseup = sendMouseState;
  > 74 |             mouse.onmousemove = sendMouseState;
       |                   ^^^^^^^^^^^
    75 |             
    76 |             console.log('[GUACAMOLE-CLIENT] Keyboard and mouse handlers attached');
    77 |           }

ERROR in src/components/ProtocolConnection.tsx:613:21
TS2304: Cannot find name 'displayCallbackRef'.
    611 |             <span>{username}</span>
    612 |           </div>
  > 613 |           <div ref={displayCallbackRef} className="flex-1 flex items-center justify-center overflow-auto bg-black" style={{minHeight: '500px'}} />
        |                     ^^^^^^^^^^^^^^^^^^
    614 |         </div>
    615 |       );
    616 |     }

Compiling...
Compiled with warnings.

[eslint] 
src/components/ProtocolConnection.tsx
  Line 258:9:  'setupHTTPTunnel' is assigned a value but never used  @typescript-eslint/no-unused-vars

Search for the keywords to learn more about each warning.
To ignore, add // eslint-disable-next-line to the line before.

WARNING in [eslint] 
src/components/ProtocolConnection.tsx
  Line 258:9:  'setupHTTPTunnel' is assigned a value but never used  @typescript-eslint/no-unused-vars

webpack compiled with 1 warning
ERROR in src/components/ProtocolConnection.tsx:72:19
TS2339: Property 'onmousedown' does not exist on type 'Mouse'.
    70 |               clientRef.current?.sendMouseState(state);
    71 |             };
  > 72 |             mouse.onmousedown = sendMouseState;
       |                   ^^^^^^^^^^^
    73 |             mouse.onmouseup = sendMouseState;
    74 |             mouse.onmousemove = sendMouseState;
    75 |             

ERROR in src/components/ProtocolConnection.tsx:73:19
TS2339: Property 'onmouseup' does not exist on type 'Mouse'.
    71 |             };
    72 |             mouse.onmousedown = sendMouseState;
  > 73 |             mouse.onmouseup = sendMouseState;
       |                   ^^^^^^^^^
    74 |             mouse.onmousemove = sendMouseState;
    75 |             
    76 |             console.log('[GUACAMOLE-CLIENT] Keyboard and mouse handlers attached');

ERROR in src/components/ProtocolConnection.tsx:74:19
TS2339: Property 'onmousemove' does not exist on type 'Mouse'.
    72 |             mouse.onmousedown = sendMouseState;
    73 |             mouse.onmouseup = sendMouseState;
  > 74 |             mouse.onmousemove = sendMouseState;
       |                   ^^^^^^^^^^^
    75 |             
    76 |             console.log('[GUACAMOLE-CLIENT] Keyboard and mouse handlers attached');
    77 |           }

Proxy error: Could not proxy request /favicon.ico from localhost:12000 to http://backend:8000.
See https://nodejs.org/api/errors.html#errors_common_system_errors for more information (ENOTFOUND).

Proxy error: Could not proxy request /favicon.ico from localhost:12000 to http://backend:8000.
See https://nodejs.org/api/errors.html#errors_common_system_errors for more information (ENOTFOUND).

Compiling...
Compiled with warnings.

[eslint] 
src/components/ProtocolConnection.tsx
  Line 20:10:  'connectionStatus' is assigned a value but never used     @typescript-eslint/no-unused-vars
  Line 20:28:  'setConnectionStatus' is assigned a value but never used  @typescript-eslint/no-unused-vars
  Line 261:9:  'setupHTTPTunnel' is assigned a value but never used      @typescript-eslint/no-unused-vars

Search for the keywords to learn more about each warning.
To ignore, add // eslint-disable-next-line to the line before.

WARNING in [eslint] 
src/components/ProtocolConnection.tsx
  Line 20:10:  'connectionStatus' is assigned a value but never used     @typescript-eslint/no-unused-vars
  Line 20:28:  'setConnectionStatus' is assigned a value but never used  @typescript-eslint/no-unused-vars
  Line 261:9:  'setupHTTPTunnel' is assigned a value but never used      @typescript-eslint/no-unused-vars

webpack compiled with 1 warning
ERROR in src/components/ProtocolConnection.tsx:75:19
TS2339: Property 'onmousedown' does not exist on type 'Mouse'.
    73 |               clientRef.current?.sendMouseState(state);
    74 |             };
  > 75 |             mouse.onmousedown = sendMouseState;
       |                   ^^^^^^^^^^^
    76 |             mouse.onmouseup = sendMouseState;
    77 |             mouse.onmousemove = sendMouseState;
    78 |             

ERROR in src/components/ProtocolConnection.tsx:76:19
TS2339: Property 'onmouseup' does not exist on type 'Mouse'.
    74 |             };
    75 |             mouse.onmousedown = sendMouseState;
  > 76 |             mouse.onmouseup = sendMouseState;
       |                   ^^^^^^^^^
    77 |             mouse.onmousemove = sendMouseState;
    78 |             
    79 |             console.log('[GUACAMOLE-CLIENT] Keyboard and mouse handlers attached');

ERROR in src/components/ProtocolConnection.tsx:77:19
TS2339: Property 'onmousemove' does not exist on type 'Mouse'.
    75 |             mouse.onmousedown = sendMouseState;
    76 |             mouse.onmouseup = sendMouseState;
  > 77 |             mouse.onmousemove = sendMouseState;
       |                   ^^^^^^^^^^^
    78 |             
    79 |             console.log('[GUACAMOLE-CLIENT] Keyboard and mouse handlers attached');
    80 |           }

Compiling...
Compiled with warnings.

[eslint] 
src/components/ProtocolConnection.tsx
  Line 262:9:  'setupHTTPTunnel' is assigned a value but never used  @typescript-eslint/no-unused-vars

Search for the keywords to learn more about each warning.
To ignore, add // eslint-disable-next-line to the line before.

WARNING in [eslint] 
src/components/ProtocolConnection.tsx
  Line 262:9:  'setupHTTPTunnel' is assigned a value but never used  @typescript-eslint/no-unused-vars

webpack compiled with 1 warning
ERROR in src/components/ProtocolConnection.tsx:76:19
TS2339: Property 'onmousedown' does not exist on type 'Mouse'.
    74 |               clientRef.current?.sendMouseState(state);
    75 |             };
  > 76 |             mouse.onmousedown = sendMouseState;
       |                   ^^^^^^^^^^^
    77 |             mouse.onmouseup = sendMouseState;
    78 |             mouse.onmousemove = sendMouseState;
    79 |             

ERROR in src/components/ProtocolConnection.tsx:77:19
TS2339: Property 'onmouseup' does not exist on type 'Mouse'.
    75 |             };
    76 |             mouse.onmousedown = sendMouseState;
  > 77 |             mouse.onmouseup = sendMouseState;
       |                   ^^^^^^^^^
    78 |             mouse.onmousemove = sendMouseState;
    79 |             
    80 |             console.log('[GUACAMOLE-CLIENT] Keyboard and mouse handlers attached');

ERROR in src/components/ProtocolConnection.tsx:78:19
TS2339: Property 'onmousemove' does not exist on type 'Mouse'.
    76 |             mouse.onmousedown = sendMouseState;
    77 |             mouse.onmouseup = sendMouseState;
  > 78 |             mouse.onmousemove = sendMouseState;
       |                   ^^^^^^^^^^^
    79 |             
    80 |             console.log('[GUACAMOLE-CLIENT] Keyboard and mouse handlers attached');
    81 |           }

Proxy error: Could not proxy request /favicon.ico from localhost:12000 to http://backend:8000.
See https://nodejs.org/api/errors.html#errors_common_system_errors for more information (ENOTFOUND).

Proxy error: Could not proxy request /favicon.ico from localhost:12000 to http://backend:8000.
See https://nodejs.org/api/errors.html#errors_common_system_errors for more information (ENOTFOUND).

Proxy error: Could not proxy request /favicon.ico from localhost:12000 to http://backend:8000.
See https://nodejs.org/api/errors.html#errors_common_system_errors for more information (ENOTFOUND).

Proxy error: Could not proxy request /favicon.ico from localhost:12000 to http://backend:8000.
See https://nodejs.org/api/errors.html#errors_common_system_errors for more information (ENOTFOUND).

Proxy error: Could not proxy request /favicon.ico from localhost:12000 to http://backend:8000.
See https://nodejs.org/api/errors.html#errors_common_system_errors for more information (ENOTFOUND).

Proxy error: Could not proxy request /favicon.ico from localhost:12000 to http://backend:8000.
See https://nodejs.org/api/errors.html#errors_common_system_errors for more information (ENOTFOUND).

Proxy error: Could not proxy request /favicon.ico from localhost:12000 to http://backend:8000.
See https://nodejs.org/api/errors.html#errors_common_system_errors for more information (ENOTFOUND).

Proxy error: Could not proxy request /favicon.ico from localhost:12000 to http://backend:8000.
See https://nodejs.org/api/errors.html#errors_common_system_errors for more information (ENOTFOUND).

Proxy error: Could not proxy request /favicon.ico from localhost:12000 to http://backend:8000.
See https://nodejs.org/api/errors.html#errors_common_system_errors for more information (ENOTFOUND).

Proxy error: Could not proxy request /favicon.ico from localhost:12000 to http://backend:8000.
See https://nodejs.org/api/errors.html#errors_common_system_errors for more information (ENOTFOUND).

Proxy error: Could not proxy request /favicon.ico from localhost:12000 to http://backend:8000.
See https://nodejs.org/api/errors.html#errors_common_system_errors for more information (ENOTFOUND).

Proxy error: Could not proxy request /favicon.ico from localhost:12000 to http://backend:8000.
See https://nodejs.org/api/errors.html#errors_common_system_errors for more information (ENOTFOUND).

Proxy error: Could not proxy request /favicon.ico from localhost:12000 to http://backend:8000.
See https://nodejs.org/api/errors.html#errors_common_system_errors for more information (ENOTFOUND).

Proxy error: Could not proxy request /favicon.ico from localhost:12000 to http://backend:8000.
See https://nodejs.org/api/errors.html#errors_common_system_errors for more information (ENOTFOUND).

Proxy error: Could not proxy request /favicon.ico from localhost:12000 to http://backend:8000.
See https://nodejs.org/api/errors.html#errors_common_system_errors for more information (ENOTFOUND).

Proxy error: Could not proxy request /favicon.ico from localhost:12000 to http://backend:8000.
See https://nodejs.org/api/errors.html#errors_common_system_errors for more information (ENOTFOUND).

Proxy error: Could not proxy request /favicon.ico from localhost:12000 to http://backend:8000.
See https://nodejs.org/api/errors.html#errors_common_system_errors for more information (ENOTFOUND).

Proxy error: Could not proxy request /favicon.ico from localhost:12000 to http://backend:8000.
See https://nodejs.org/api/errors.html#errors_common_system_errors for more information (ENOTFOUND).

Proxy error: Could not proxy request /favicon.ico from localhost:12000 to http://backend:8000.
See https://nodejs.org/api/errors.html#errors_common_system_errors for more information (ENOTFOUND).

Proxy error: Could not proxy request /favicon.ico from localhost:12000 to http://backend:8000.
See https://nodejs.org/api/errors.html#errors_common_system_errors for more information (ENOTFOUND).

Proxy error: Could not proxy request /favicon.ico from localhost:12000 to http://backend:8000.
See https://nodejs.org/api/errors.html#errors_common_system_errors for more information (ENOTFOUND).

Proxy error: Could not proxy request /favicon.ico from localhost:12000 to http://backend:8000.
See https://nodejs.org/api/errors.html#errors_common_system_errors for more information (ENOTFOUND).

