======================================================================
AKIS 100K SESSION SIMULATION ENGINE
======================================================================

📊 Extracting patterns from workflow logs...
   Found 156 workflow logs

📊 Extracting industry/community patterns...
   Found 34 common issues
   Found 21 edge cases

📊 Merging patterns...
   Source: {'workflow_logs': 156, 'industry_patterns': 34, 'edge_cases': 21}

🔄 Running BASELINE simulation (100,000 sessions)...
   Success rate: 86.6%
   Avg discipline: 80.8%
   Avg tokens: 20,175

🚀 Running OPTIMIZED simulation (100,000 sessions)...
   Success rate: 88.7%
   Avg discipline: 86.9%
   Avg tokens: 15,123
======================================================================
AKIS 100K SESSION SIMULATION - BEFORE/AFTER COMPARISON
======================================================================

Simulation: 100,000 sessions
Baseline: current
Optimized: optimized
Timestamp: 2026-01-23T10:44:46.085776

======================================================================
METRICS COMPARISON (Focus Areas)
======================================================================

📊 DISCIPLINE (Protocol Adherence)
   Baseline:  80.82%
   Optimized: 86.89%
   Change:    +7.5%

🧠 COGNITIVE LOAD (Lower is Better)
   Baseline:  79.13%
   Optimized: 67.15%
   Change:    +15.1% reduction

✅ RESOLVE RATE (Task Completion)
   Baseline:  86.65%
   Optimized: 88.70%
   Change:    +2.4%

⚡ SPEED (Resolution Time P50)
   Baseline:  50.8 min
   Optimized: 43.4 min
   Change:    +14.7% faster

🔍 TRACEABILITY
   Baseline:  83.40%
   Optimized: 88.87%
   Change:    +6.6%

💰 TOKEN CONSUMPTION
   Baseline:  20,175 tokens/session
   Optimized: 15,123 tokens/session
   Change:    +25.0% reduction

📞 API CALLS
   Baseline:  37.4 calls/session
   Optimized: 25.7 calls/session
   Change:    +31.2% reduction

======================================================================
TOTAL SAVINGS (100k Sessions)
======================================================================

   Tokens Saved:        505,186,651
   API Calls Saved:     1,168,199
   Deviations Prevented: 38,852
   Additional Successes: 2,052

======================================================================
TOP DEVIATIONS (Baseline)
======================================================================
   skip_skill_loading: 30,804 (30.8%)
   skip_delegation_for_complex: 22,970 (23.0%)
   skip_workflow_log: 21,834 (21.8%)
   skip_verification: 17,988 (18.0%)
   skip_delegation_tracing: 14,943 (14.9%)

======================================================================
TOP EDGE CASES HIT
======================================================================
   Infinite render loop: 877
   Race condition in async operations: 860
   SSR hydration mismatch: 850
   Stale closure in useEffect: 843
   Concurrent state updates: 843

======================================================================
DELEGATION ANALYSIS (Multi-Agent)
======================================================================

🤖 DELEGATION METRICS
   Delegation Rate:
     Baseline:  53.2%
     Optimized: 53.2%

   Delegation Discipline:
     Baseline:  85.0%
     Optimized: 85.1%

   Delegation Success Rate:
     Baseline:  93.4%
     Optimized: 93.5%

   Sessions with Delegation:
     Baseline:  53,244
     Optimized: 53,206

   Agent Usage (Baseline):
     documentation: 22,942
     code: 22,927
     research: 22,854
     reviewer: 22,831
     architect: 22,719

======================================================================
PARALLEL EXECUTION ANALYSIS (Intelligent Delegation)
======================================================================

⚡ PARALLEL EXECUTION METRICS
   Parallel Execution Rate:
     Baseline:  19.1%
     Optimized: 44.6%

   Sessions with Parallel Execution:
     Baseline:  19,115
     Optimized: 44,604

   Avg Parallel Agents:
     Baseline:  2.3
     Optimized: 2.2

   Parallel Execution Success Rate:
     Baseline:  80.3%
     Optimized: 82.6%

   Avg Time Saved per Parallel Session:
     Baseline:  13.8 min
     Optimized: 12.5 min

   Total Parallel Time Saved:
     Baseline:  262,991 min (4,383 hrs)
     Optimized: 558,257 min (9,304 hrs)

   Strategy Distribution (Baseline):
     sequential: 80,885
     parallel: 19,115

======================================================================

📄 Results saved to: log/simulation_optimized_100k.json

✅ Simulation complete!
